2026-06-27 16:15:43,157 - ERROR - Error loading BSE stocks list: [Errno 2] No such file or directory: 'BSE_LIST/BSEstocks.csv'
2026-06-27 16:16:45,097 - ERROR - Error loading BSE stocks list: [Errno 2] No such file or directory: 'BSE_LIST/BSEstocks.csv'
2026-06-27 16:17:12,637 - INFO - Loaded 4894 stocks from BSE list
2026-06-27 16:17:12,653 - INFO - Fetching data for INE117A01022 (INE117A01022.BO) from 2022-06-01 to 2022-06-03
2026-06-27 16:17:15,695 - WARNING - No data found for INE117A01022
2026-06-27 16:17:15,701 - INFO - Fetching data for INE208C01025 (INE208C01025.BO) from 2022-06-01 to 2022-06-03
2026-06-27 16:17:17,745 - WARNING - No data found for INE208C01025
2026-06-27 16:17:17,752 - INFO - Fetching data for INE885A01032 (INE885A01032.BO) from 2022-06-01 to 2022-06-03
2026-06-27 16:17:18,790 - WARNING - No data found for INE885A01032
2026-06-27 16:17:18,796 - INFO - Fetching data for INE432A01017 (INE432A01017.BO) from 2022-06-01 to 2022-06-03
2026-06-27 16:17:20,028 - WARNING - No data found for INE432A01017
2026-06-27 16:17:20,034 - INFO - Fetching data for INE714B01016 (INE714B01016.BO) from 2022-06-01 to 2022-06-03
2026-06-27 16:17:20,966 - WARNING - No data found for INE714B01016
2026-06-27 16:17:20,967 - INFO - 
========== BSE Data Fetch Summary ==========
Total Stocks: 5
Successfully Fetched: 0
Failed: 5
Success Rate: 0.0%
===============================================

2026-06-27 16:30:26,912 - INFO - Loaded 4894 stocks from BSE list
2026-06-27 16:30:26,925 - INFO - Fetching data for INE117A01022 (INE117A01022.BO) from 2022-06-01 to 2022-06-03
2026-06-27 16:30:29,742 - WARNING - No data found for INE117A01022
2026-06-27 16:30:29,749 - INFO - Fetching data for INE208C01025 (INE208C01025.BO) from 2022-06-01 to 2022-06-03
2026-06-27 16:30:31,611 - WARNING - No data found for INE208C01025
2026-06-27 16:30:31,616 - INFO - Fetching data for INE885A01032 (INE885A01032.BO) from 2022-06-01 to 2022-06-03
2026-06-27 16:30:32,548 - WARNING - No data found for INE885A01032
2026-06-27 16:30:32,555 - INFO - Fetching data for INE432A01017 (INE432A01017.BO) from 2022-06-01 to 2022-06-03
2026-06-27 16:30:34,133 - WARNING - No data found for INE432A01017
2026-06-27 16:30:34,139 - INFO - Fetching data for INE714B01016 (INE714B01016.BO) from 2022-06-01 to 2022-06-03
2026-06-27 16:30:35,594 - WARNING - No data found for INE714B01016
2026-06-27 16:30:35,594 - INFO - 
========== BSE Data Fetch Summary ==========
Total Stocks: 5
Successfully Fetched: 0
Failed: 5
Success Rate: 0.0%
===============================================

2026-06-27 16:37:22,945 - ERROR - Error loading BSE stocks list: [Errno 2] No such file or directory: 'BSE_LIST/BSEstocks.csv'
2026-06-27 16:37:24,615 - ERROR - Error loading BSE stocks list: [Errno 2] No such file or directory: 'BSE_LIST/BSEstocks.csv'
2026-06-27 16:39:03,067 - INFO - Renamed 'Security Id' column to 'Symbol'
2026-06-27 16:39:03,067 - INFO - Loaded 4894 stocks from BSE list
2026-06-27 16:39:03,080 - INFO - Fetching data for INE117A01022 (INE117A01022.BO) from 2022-06-01 to 2022-06-03
2026-06-27 16:39:05,902 - WARNING - No data found for INE117A01022
2026-06-27 16:39:05,909 - INFO - Fetching data for INE208C01025 (INE208C01025.BO) from 2022-06-01 to 2022-06-03
2026-06-27 16:39:07,919 - WARNING - No data found for INE208C01025
2026-06-27 16:39:07,924 - INFO - Fetching data for INE885A01032 (INE885A01032.BO) from 2022-06-01 to 2022-06-03
2026-06-27 16:39:08,929 - WARNING - No data found for INE885A01032
2026-06-27 16:39:08,935 - INFO - Fetching data for INE432A01017 (INE432A01017.BO) from 2022-06-01 to 2022-06-03
2026-06-27 16:39:10,163 - WARNING - No data found for INE432A01017
2026-06-27 16:39:10,168 - INFO - Fetching data for INE714B01016 (INE714B01016.BO) from 2022-06-01 to 2022-06-03
2026-06-27 16:39:11,144 - WARNING - No data found for INE714B01016
2026-06-27 16:39:11,144 - INFO - 
========== BSE Data Fetch Summary ==========
Total Stocks: 5
Successfully Fetched: 0
Failed: 5
Success Rate: 0.0%
===============================================

2026-06-27 16:41:01,121 - INFO - Renamed 'Security Id' column to 'Symbol'
2026-06-27 16:41:01,122 - INFO - Loaded 4894 stocks from BSE list
2026-06-27 16:41:01,132 - INFO - Fetching data for Equity (Equity.BO) from 2022-06-01 to 2022-06-03
2026-06-27 16:41:02,744 - WARNING - No data found for Equity
2026-06-27 16:41:02,750 - INFO - Fetching data for Equity (Equity.BO) from 2022-06-01 to 2022-06-03
2026-06-27 16:41:02,767 - WARNING - No data found for Equity
2026-06-27 16:41:02,772 - INFO - Fetching data for Equity (Equity.BO) from 2022-06-01 to 2022-06-03
2026-06-27 16:41:02,789 - WARNING - No data found for Equity
2026-06-27 16:41:02,794 - INFO - Fetching data for Equity (Equity.BO) from 2022-06-01 to 2022-06-03
2026-06-27 16:41:02,811 - WARNING - No data found for Equity
2026-06-27 16:41:02,816 - INFO - Fetching data for Equity (Equity.BO) from 2022-06-01 to 2022-06-03
2026-06-27 16:41:02,832 - WARNING - No data found for Equity
2026-06-27 16:41:02,833 - INFO - 
========== BSE Data Fetch Summary ==========
Total Stocks: 1
Successfully Fetched: 0
Failed: 1
Success Rate: 0.0%
===============================================

2026-06-27 16:41:45,375 - INFO - Renamed 'Security Id' column to 'Symbol'
2026-06-27 16:41:45,375 - INFO - Loaded 4894 stocks from BSE list
2026-06-27 16:41:45,379 - INFO - Fetching data for nan (nan.BO) from 2022-06-01 to 2022-06-03
2026-06-27 16:41:46,416 - WARNING - No data found for nan
2026-06-27 16:41:46,420 - INFO - Fetching data for nan (nan.BO) from 2022-06-01 to 2022-06-03
2026-06-27 16:41:46,437 - WARNING - No data found for nan
2026-06-27 16:41:46,440 - INFO - Fetching data for nan (nan.BO) from 2022-06-01 to 2022-06-03
2026-06-27 16:41:46,457 - WARNING - No data found for nan
2026-06-27 16:41:46,460 - INFO - Fetching data for nan (nan.BO) from 2022-06-01 to 2022-06-03
2026-06-27 16:41:46,477 - WARNING - No data found for nan
2026-06-27 16:41:46,480 - INFO - Fetching data for nan (nan.BO) from 2022-06-01 to 2022-06-03
2026-06-27 16:41:46,499 - WARNING - No data found for nan
2026-06-27 16:41:46,500 - INFO - 
========== BSE Data Fetch Summary ==========
Total Stocks: 5
Successfully Fetched: 0
Failed: 5
Success Rate: 0.0%
===============================================

2026-06-27 16:45:09,398 - INFO - Renamed 'Security Id' column to 'Symbol'
2026-06-27 16:45:09,399 - INFO - Loaded 4894 stocks from BSE list
2026-06-27 16:45:09,404 - INFO - Fetching data for nan (nan.BO) from 2022-06-01 to 2022-06-03
2026-06-27 16:45:09,422 - WARNING - No data found for nan
2026-06-27 16:45:09,425 - INFO - Fetching data for nan (nan.BO) from 2022-06-01 to 2022-06-03
2026-06-27 16:45:09,441 - WARNING - No data found for nan
2026-06-27 16:45:09,445 - INFO - Fetching data for nan (nan.BO) from 2022-06-01 to 2022-06-03
2026-06-27 16:45:09,462 - WARNING - No data found for nan
2026-06-27 16:45:09,465 - INFO - Fetching data for nan (nan.BO) from 2022-06-01 to 2022-06-03
2026-06-27 16:45:09,483 - WARNING - No data found for nan
2026-06-27 16:45:09,487 - INFO - Fetching data for nan (nan.BO) from 2022-06-01 to 2022-06-03
2026-06-27 16:45:09,505 - WARNING - No data found for nan
2026-06-27 16:45:09,506 - INFO - 
========== BSE Data Fetch Summary ==========
Total Stocks: 5
Successfully Fetched: 0
Failed: 5
Success Rate: 0.0%
===============================================

2026-06-27 16:45:10,614 - INFO - Renamed 'Security Id' column to 'Symbol'
2026-06-27 16:45:10,615 - INFO - Loaded 4894 stocks from BSE list
2026-06-27 16:45:10,620 - INFO - Fetching data for nan (nan.BO) from 2022-06-01 to 2022-06-03
2026-06-27 16:45:10,637 - WARNING - No data found for nan
2026-06-27 16:45:10,639 - INFO - Fetching data for nan (nan.BO) from 2022-06-01 to 2022-06-03
2026-06-27 16:45:10,657 - WARNING - No data found for nan
2026-06-27 16:45:10,660 - INFO - Fetching data for nan (nan.BO) from 2022-06-01 to 2022-06-03
2026-06-27 16:45:10,676 - WARNING - No data found for nan
2026-06-27 16:45:10,679 - INFO - Fetching data for nan (nan.BO) from 2022-06-01 to 2022-06-03
2026-06-27 16:45:10,697 - WARNING - No data found for nan
2026-06-27 16:45:10,700 - INFO - Fetching data for nan (nan.BO) from 2022-06-01 to 2022-06-03
2026-06-27 16:45:10,718 - WARNING - No data found for nan
2026-06-27 16:45:10,718 - INFO - 
========== BSE Data Fetch Summary ==========
Total Stocks: 5
Successfully Fetched: 0
Failed: 5
Success Rate: 0.0%
===============================================

2026-06-27 16:54:57,803 - ERROR - Error loading BSE stocks list: [Errno 2] No such file or directory: 'BSE_LIST/BSEstocks.csv'
2026-06-27 16:54:58,917 - ERROR - Error loading BSE stocks list: [Errno 2] No such file or directory: 'BSE_LIST/BSEstocks.csv'
2026-06-27 16:55:42,221 - ERROR - Error loading BSE stocks list: [Errno 2] No such file or directory: 'BSE_LIST/BSEstocks.csv'
2026-06-27 16:56:16,611 - INFO - Loaded 4894 stocks from BSE list
2026-06-27 16:56:16,622 - INFO - Fetching data for nan (nan.BO) from 2022-06-01 to 2022-06-03
2026-06-27 16:56:16,639 - WARNING - No data found for nan
2026-06-27 16:56:16,643 - INFO - Fetching data for nan (nan.BO) from 2022-06-01 to 2022-06-03
2026-06-27 16:56:16,661 - WARNING - No data found for nan
2026-06-27 16:56:16,665 - INFO - Fetching data for nan (nan.BO) from 2022-06-01 to 2022-06-03
2026-06-27 16:56:16,682 - WARNING - No data found for nan
2026-06-27 16:56:16,684 - INFO - Fetching data for nan (nan.BO) from 2022-06-01 to 2022-06-03
2026-06-27 16:56:16,701 - WARNING - No data found for nan
2026-06-27 16:56:16,705 - INFO - Fetching data for nan (nan.BO) from 2022-06-01 to 2022-06-03
2026-06-27 16:56:16,723 - WARNING - No data found for nan
2026-06-27 16:56:16,723 - INFO - 
========== BSE Data Fetch Summary ==========
Total Stocks: 5
Successfully Fetched: 0
Failed: 5
Success Rate: 0.0%
===============================================

2026-06-27 17:03:47,688 - INFO - Loaded 4894 stocks from BSE list
2026-06-27 17:03:47,693 - INFO - Fetching data for nan (nan.BO) from 2022-06-01 to 2022-06-03
2026-06-27 17:03:47,712 - WARNING - No data found for nan
2026-06-27 17:03:47,715 - INFO - Fetching data for nan (nan.BO) from 2022-06-01 to 2022-06-03
2026-06-27 17:03:47,732 - WARNING - No data found for nan
2026-06-27 17:03:47,736 - INFO - Fetching data for nan (nan.BO) from 2022-06-01 to 2022-06-03
2026-06-27 17:03:47,754 - WARNING - No data found for nan
2026-06-27 17:03:47,760 - INFO - Fetching data for nan (nan.BO) from 2022-06-01 to 2022-06-03
2026-06-27 17:03:47,779 - WARNING - No data found for nan
2026-06-27 17:03:47,783 - INFO - Fetching data for nan (nan.BO) from 2022-06-01 to 2022-06-03
2026-06-27 17:03:47,801 - WARNING - No data found for nan
2026-06-27 17:03:47,802 - INFO - 
========== BSE Data Fetch Summary ==========
Total Stocks: 5
Successfully Fetched: 0
Failed: 5
Success Rate: 0.0%
===============================================

2026-06-27 17:04:37,700 - INFO - CSV columns found: ['Security Code', 'Issuer Name', 'Symbol', 'Security Name']
2026-06-27 17:04:37,701 - ERROR - Error loading BSE stocks list: Can only use .str accessor with string values!
2026-06-27 17:04:43,577 - INFO - CSV columns found: ['Security Code', 'Issuer Name', 'Symbol', 'Security Name']
2026-06-27 17:04:43,578 - ERROR - Error loading BSE stocks list: Can only use .str accessor with string values!
2026-06-27 17:06:46,227 - INFO - CSV columns found: ['Security Code', 'Issuer Name', 'Symbol', 'Security Name']
2026-06-27 17:06:46,228 - ERROR - Error loading BSE stocks list: Can only use .str accessor with string values!
2026-06-27 17:06:47,266 - INFO - CSV columns found: ['Security Code', 'Issuer Name', 'Symbol', 'Security Name']
2026-06-27 17:06:47,267 - ERROR - Error loading BSE stocks list: Can only use .str accessor with string values!
2026-06-27 17:07:13,426 - INFO - CSV columns found: ['Security Code', 'Issuer Name', 'Symbol', 'Security Name']
2026-06-27 17:07:13,449 - INFO - Loaded 0 valid stocks from BSE list
2026-06-27 17:07:34,094 - INFO - CSV columns found: ['Security Code', 'Issuer Name', 'Symbol', 'Security Name']
2026-06-27 17:07:34,097 - INFO - Loaded 0 valid stocks from BSE list
2026-06-27 17:07:34,927 - INFO - CSV columns found: ['Security Code', 'Issuer Name', 'Symbol', 'Security Name']
2026-06-27 17:07:34,931 - INFO - Loaded 0 valid stocks from BSE list
2026-06-27 17:07:49,801 - ERROR - Error loading BSE stocks list: Can only use .str accessor with string values!
2026-06-27 17:10:37,722 - ERROR - Error loading BSE stocks list: Can only use .str accessor with string values!
2026-06-27 17:17:03,628 - INFO - Loaded 4894 stocks from BSE list
2026-06-27 17:25:13,483 - INFO - Loaded 4894 stocks from BSE list
2026-06-27 17:25:13,493 - INFO - Fetching data for ABB (ABB.BO) from 2022-06-01 to 2022-06-03
2026-06-27 17:25:16,431 - INFO - Successfully fetched 2 records for ABB
2026-06-27 17:25:16,437 - INFO - Saved consolidated data for ABB to C:\Users\Dell\Desktop\DataMining_NSE_BSE\BSE\ABB\ABB_consolidated.csv
2026-06-27 17:25:16,445 - INFO - Fetching data for AEGISLOG (AEGISLOG.BO) from 2022-06-01 to 2022-06-03
2026-06-27 17:25:18,956 - INFO - Successfully fetched 2 records for AEGISLOG
2026-06-27 17:25:18,962 - INFO - Saved consolidated data for AEGISLOG to C:\Users\Dell\Desktop\DataMining_NSE_BSE\BSE\AEGISLOG\AEGISLOG_consolidated.csv
2026-06-27 17:25:18,968 - INFO - Fetching data for ARE&M (ARE&M.BO) from 2022-06-01 to 2022-06-03
2026-06-27 17:25:21,170 - INFO - Successfully fetched 2 records for ARE&M
2026-06-27 17:25:21,176 - INFO - Saved consolidated data for ARE&M to C:\Users\Dell\Desktop\DataMining_NSE_BSE\BSE\ARE&M\ARE&M_consolidated.csv
2026-06-27 17:25:21,182 - INFO - Fetching data for AMBALALSA (AMBALALSA.BO) from 2022-06-01 to 2022-06-03
2026-06-27 17:25:23,652 - INFO - Successfully fetched 2 records for AMBALALSA
2026-06-27 17:25:23,658 - INFO - Saved consolidated data for AMBALALSA to C:\Users\Dell\Desktop\DataMining_NSE_BSE\BSE\AMBALALSA\AMBALALSA_consolidated.csv
2026-06-27 17:25:23,663 - INFO - Fetching data for ANDHRAPET (ANDHRAPET.BO) from 2022-06-01 to 2022-06-03
2026-06-27 17:25:26,105 - INFO - Successfully fetched 2 records for ANDHRAPET
2026-06-27 17:25:26,112 - INFO - Saved consolidated data for ANDHRAPET to C:\Users\Dell\Desktop\DataMining_NSE_BSE\BSE\ANDHRAPET\ANDHRAPET_consolidated.csv
2026-06-27 17:25:26,113 - INFO - 
========== BSE Data Fetch Summary ==========
Total Stocks: 5
Successfully Fetched: 5
Failed: 0
Success Rate: 100.0%
===============================================

